<?xml version="1.0" encoding="UTF-8"?>
<!-- Generated by org.testng.reporters.JUnitXMLReporter -->
<testsuite hostname="Phoenix" ignored="0" name="Sample test" tests="3" failures="3" timestamp="16 May 2018 08:00:42 GMT" time="28.509" errors="0">
  <testcase name="verifyChooseBook" time="5.117" classname="com.fsoft.test.AppTest">
    <failure type="java.lang.NullPointerException">
      <![CDATA[java.lang.NullPointerException
at org.openqa.selenium.remote.RemoteWebElement.execute(RemoteWebElement.java:276)
at org.openqa.selenium.remote.RemoteWebElement.getAttribute(RemoteWebElement.java:128)
at com.fsoft.test.AppTest.verifyChooseBook(AppTest.java:70)
... Removed 25 stack frames]]>
    </failure>
  </testcase> <!-- verifyChooseBook -->
  <testcase name="verifyPlayButton" time="1.863" classname="com.fsoft.test.AppTest">
    <failure type="java.lang.NullPointerException">
      <![CDATA[java.lang.NullPointerException
at org.openqa.selenium.remote.RemoteWebElement.execute(RemoteWebElement.java:276)
at org.openqa.selenium.remote.RemoteWebElement.getText(RemoteWebElement.java:160)
at com.fsoft.test.AppTest.verifyPlayButton(AppTest.java:79)
... Removed 25 stack frames]]>
    </failure>
  </testcase> <!-- verifyPlayButton -->
  <testcase name="verifyBookSetting" time="3.22" classname="com.fsoft.test.AppTest">
    <failure type="java.lang.NullPointerException">
      <![CDATA[java.lang.NullPointerException
at org.openqa.selenium.remote.RemoteWebElement.execute(RemoteWebElement.java:276)
at org.openqa.selenium.remote.RemoteWebElement.isDisplayed(RemoteWebElement.java:317)
at com.fsoft.test.AppTest.verifyBookSetting(AppTest.java:89)
... Removed 25 stack frames]]>
    </failure>
  </testcase> <!-- verifyBookSetting -->
</testsuite> <!-- Sample test -->
